d:\musicplayer\musicplayer\debug\musicplayer.pch
d:\musicplayer\musicplayer\debug\vc120.pdb
d:\musicplayer\musicplayer\debug\vc120.idb
d:\musicplayer\musicplayer\debug\stdafx.obj
d:\musicplayer\musicplayer\debug\main.obj
d:\musicplayer\musicplayer\debug\musicnode.obj
d:\musicplayer\musicplayer\debug\musicplayer.obj
d:\musicplayer\debug\musicplayer.lib
d:\musicplayer\debug\musicplayer.pdb
d:\musicplayer\musicplayer\debug\musicplayer.tlog\cl.command.1.tlog
d:\musicplayer\musicplayer\debug\musicplayer.tlog\cl.read.1.tlog
d:\musicplayer\musicplayer\debug\musicplayer.tlog\cl.write.1.tlog
d:\musicplayer\musicplayer\debug\musicplayer.tlog\lib-link.read.1.tlog
d:\musicplayer\musicplayer\debug\musicplayer.tlog\lib-link.write.1.tlog
d:\musicplayer\musicplayer\debug\musicplayer.tlog\lib.command.1.tlog
d:\musicplayer\musicplayer\debug\musicplayer.tlog\link-cvtres.read.1.tlog
d:\musicplayer\musicplayer\debug\musicplayer.tlog\link-cvtres.write.1.tlog
d:\musicplayer\musicplayer\debug\musicplayer.tlog\link-rc.read.1.tlog
d:\musicplayer\musicplayer\debug\musicplayer.tlog\link-rc.write.1.tlog
d:\musicplayer\musicplayer\debug\musicplayer.tlog\link.command.1.tlog
d:\musicplayer\musicplayer\debug\musicplayer.tlog\link.read.1.tlog
d:\musicplayer\musicplayer\debug\musicplayer.tlog\link.write.1.tlog
